<?xml version="1.0" encoding="UTF-8"?>
<!-- Generated by org.testng.reporters.JUnitReportReporter -->
<testsuite hostname="DESKTOP-D7C059L" failures="0" tests="1" name="com.ch.testrunner.testrunner" time="17.200" errors="0" timestamp="13 Jun 2020 00:40:27 GMT" skipped="0">
  <testcase classname="com.ch.testrunner.testrunner" name="feature" time="17.200"/>
</testsuite> <!-- com.ch.testrunner.testrunner -->
